--------------------------------------------------------
-- mcc V1.0.0807 - Custom microcode compiler (c)2020-... 
--    https://github.com/zpekic/MicroCodeCompiler
--------------------------------------------------------
Compiling hex2mem.mcc, pass 1 out of 2.
Line 113: resolved aliases:  clear, lincnt_zero, poscnt_zero
L0113@0000._reset:  TXDCHAR <= zero, checksum <= zero, poscnt_a = zero, lincnt_a = zero, error <= off

Line 115: resolved aliases:  clear, lincnt_zero, poscnt_zero
L0115@0001._reset1:  TXDCHAR <= zero, checksum <= zero, poscnt_a = zero, lincnt_a = zero, error <= off

Line 117: resolved aliases:  clear, lincnt_zero, poscnt_zero
L0117@0002._reset2:  TXDCHAR <= zero, checksum <= zero, poscnt_a = zero, lincnt_a = zero, error <= off

Line 119: resolved aliases:  clear, lincnt_zero, poscnt_zero
L0119@0003._reset3:  TXDCHAR <= zero, checksum <= zero, poscnt_a = zero, lincnt_a = zero, error <= off

Line 124: resolved aliases:  emit
L0124@0005.echo:  if false then emitChar else emitChar, TXDCHAR <= char_input

Line 125: resolved aliases:  poscnt_inc
L0125@0006.  poscnt_cin = 1, if true then fork else fork

Warning: mask value 255 detected. Range will be 0 to 255
Line 128: resolved aliases:  print_crlf
L0128@0007.badchar:  error <= on, if false then print_crlf else print_crlf

Line 129: resolved aliases:  emit
L0129@0008.  if false then emitChar else emitChar, TXDCHAR <= char_E

Line 130: resolved aliases:  emit
L0130@0009.  if false then emitChar else emitChar, TXDCHAR <= char_R

Line 131: resolved aliases:  emit
L0131@000A.  if false then emitChar else emitChar, TXDCHAR <= char_R

Line 132: resolved aliases:  emit
L0132@000B.  if false then emitChar else emitChar, TXDCHAR <= char_space

Line 133: resolved aliases:  emit
L0133@000C.  if false then emitChar else emitChar, TXDCHAR <= lin3

Line 134: resolved aliases:  emit
L0134@000D.  if false then emitChar else emitChar, TXDCHAR <= lin2

Line 135: resolved aliases:  emit
L0135@000E.  if false then emitChar else emitChar, TXDCHAR <= lin1

Line 136: resolved aliases:  emit
L0136@000F.  if false then emitChar else emitChar, TXDCHAR <= lin0

Line 137: resolved aliases:  emit
L0137@0010.  if false then emitChar else emitChar, TXDCHAR <= char_space

Line 138: resolved aliases:  emit
L0138@0011.  if false then emitChar else emitChar, TXDCHAR <= pos1

Line 139: resolved aliases:  emit
L0139@0012.  if false then emitChar else emitChar, TXDCHAR <= pos0

Line 140: resolved aliases:  emit
L0140@0013.  if false then emitChar else emitChar, TXDCHAR <= char_space

Line 141: resolved aliases:  emit
L0141@0014.  if false then emitChar else emitChar, TXDCHAR <= inp1

Line 142: resolved aliases:  emit
L0142@0015.  if false then emitChar else emitChar, TXDCHAR <= inp0

Line 143: resolved aliases:  print_crlf
L0143@0016.  if false then print_crlf else print_crlf

Line 144: resolved aliases:  goto
L0144@0017.nextchar:  error <= off, input_reset = 1, checksum <= inc, if false then next else deadloop

Line 149: resolved aliases:  goto
L0149@0020.  if false then next else hexchar

Line 153: resolved aliases:  goto
L0153@0021.  if false then next else hexchar

Line 157: resolved aliases:  goto
L0157@0022.  if false then next else hexchar

Line 161: resolved aliases:  goto
L0161@0023.  if false then next else hexchar

Line 165: resolved aliases:  goto
L0165@0024.  if false then next else hexchar

Line 169: resolved aliases:  goto
L0169@0025.  if false then next else hexchar

Line 173: resolved aliases:  goto
L0173@0026.  if false then next else hexchar

Line 177: resolved aliases:  goto
L0177@0027.  if false then next else hexchar

Line 181: resolved aliases:  goto
L0181@0028.  if false then next else hexchar

Line 185: resolved aliases:  goto
L0185@0029.  if false then next else hexchar

Line 190: resolved aliases:  goto
L0190@002A.  if false then next else hexchar

Line 195: resolved aliases:  goto
L0195@002B.  if false then next else hexchar

Line 200: resolved aliases:  goto
L0200@002C.  if false then next else hexchar

Line 205: resolved aliases:  goto
L0205@002D.  if false then next else hexchar

Line 210: resolved aliases:  goto
L0210@002E.  if false then next else hexchar

Line 215: resolved aliases:  writemem
L0215@002F.hexchar:  if false then writemem else writemem

Line 216: resolved aliases:  goto
L0216@0030.  if false then next else nextchar

Line 219: resolved aliases:  writemem
L0219@0031.tab:  if false then writemem else writemem

Line 220: resolved aliases:  goto
L0220@0032.  if false then next else nextchar

Line 223: resolved aliases:  writemem
L0223@0033.lf:  if false then writemem else writemem

Line 224: resolved aliases:  lincnt_inc, goto
L0224@0034.  lincnt_cin = 1, if false then next else nextchar

Line 227: resolved aliases:  writemem
L0227@0035.cr:  if false then writemem else writemem

Line 228: resolved aliases:  poscnt_zero, goto
L0228@0036.  poscnt_a = zero, if false then next else nextchar

Line 231: resolved aliases:  writemem
L0231@0037.space:  if false then writemem else writemem

Line 232: resolved aliases:  goto
L0232@0038.  if false then next else nextchar

Line 235: resolved aliases:  writemem
L0235@0039.colon:  if false then writemem else writemem

Line 236: resolved aliases:  goto
L0236@003A.  if false then next else nextchar

Line 238: resolved aliases:  emit
L0238@003B.print_crlf:  if false then emitChar else emitChar, TXDCHAR <= char_cr

Line 239: resolved aliases:  emit
L0239@003C.  if false then emitChar else emitChar, TXDCHAR <= char_lf

Line 240: resolved aliases:  back
L0240@003D.  if true then return else return

Line 245: resolved aliases:  noop
L0245@003F.emitChar2:  if true then next else next

Success: pass 1 255 line(s) read, 135 statement(s) parsed.
Compiling hex2mem.mcc, pass 2 out of 2.
Field 'nBUSREQ' 33 .. 33
Field 'nWR' 32 .. 32
Field 'BUSY' 31 .. 31
Field 'seq_cond' 30 .. 27
Field 'seq_then' 26 .. 20
Field 'seq_else' 19 .. 13
Field 'TXDCHAR' 12 .. 9
Field 'lincnt_a' 8 .. 8
Field 'lincnt_cin' 7 .. 7
Field 'poscnt_a' 6 .. 6
Field 'poscnt_cin' 5 .. 5
Field 'checksum' 4 .. 3
Field 'error' 2 .. 1
Field 'input_reset' 0 .. 0
Info: line 5 - code[0000] <= '1_1_1_0000_0000000_0000000_0111_0_0_0_0_01_10_0'
Info: line 5 - code[0001] <= '1_1_1_0000_0000000_0000000_0111_0_0_0_0_01_10_0'
Info: line 5 - code[0002] <= '1_1_1_0000_0000000_0000000_0111_0_0_0_0_01_10_0'
Info: line 5 - code[0003] <= '1_1_1_0000_0000000_0000000_0111_0_0_0_0_01_10_0'
Info: line 5 - code[0004] <= '1_1_0_0011_0000001_0000000_0000_1_0_1_0_00_00_0'
Info: line 5 - code[0005] <= '1_1_1_1111_0111110_0111110_0001_1_0_1_0_00_00_0'
Info: line 5 - code[0006] <= '1_1_1_0000_0000011_0000011_0000_1_0_1_1_00_00_0'
Info: line 6 - mapper[0000] <= '0000111'
Info: line 6 - mapper[0001] <= '0000111'
Info: line 6 - mapper[0002] <= '0000111'
Info: line 6 - mapper[0003] <= '0000111'
Info: line 6 - mapper[0004] <= '0000111'
Info: line 6 - mapper[0005] <= '0000111'
Info: line 6 - mapper[0006] <= '0000111'
Info: line 6 - mapper[0007] <= '0000111'
Info: line 6 - mapper[0008] <= '0000111'
Info: line 6 - mapper[0009] <= '0000111'
Info: line 6 - mapper[000A] <= '0000111'
Info: line 6 - mapper[000B] <= '0000111'
Info: line 6 - mapper[000C] <= '0000111'
Info: line 6 - mapper[000D] <= '0000111'
Info: line 6 - mapper[000E] <= '0000111'
Info: line 6 - mapper[000F] <= '0000111'
Info: line 6 - mapper[0010] <= '0000111'
Info: line 6 - mapper[0011] <= '0000111'
Info: line 6 - mapper[0012] <= '0000111'
Info: line 6 - mapper[0013] <= '0000111'
Info: line 6 - mapper[0014] <= '0000111'
Info: line 6 - mapper[0015] <= '0000111'
Info: line 6 - mapper[0016] <= '0000111'
Info: line 6 - mapper[0017] <= '0000111'
Info: line 6 - mapper[0018] <= '0000111'
Info: line 6 - mapper[0019] <= '0000111'
Info: line 6 - mapper[001A] <= '0000111'
Info: line 6 - mapper[001B] <= '0000111'
Info: line 6 - mapper[001C] <= '0000111'
Info: line 6 - mapper[001D] <= '0000111'
Info: line 6 - mapper[001E] <= '0000111'
Info: line 6 - mapper[001F] <= '0000111'
Info: line 6 - mapper[0020] <= '0000111'
Info: line 6 - mapper[0021] <= '0000111'
Info: line 6 - mapper[0022] <= '0000111'
Info: line 6 - mapper[0023] <= '0000111'
Info: line 6 - mapper[0024] <= '0000111'
Info: line 6 - mapper[0025] <= '0000111'
Info: line 6 - mapper[0026] <= '0000111'
Info: line 6 - mapper[0027] <= '0000111'
Info: line 6 - mapper[0028] <= '0000111'
Info: line 6 - mapper[0029] <= '0000111'
Info: line 6 - mapper[002A] <= '0000111'
Info: line 6 - mapper[002B] <= '0000111'
Info: line 6 - mapper[002C] <= '0000111'
Info: line 6 - mapper[002D] <= '0000111'
Info: line 6 - mapper[002E] <= '0000111'
Info: line 6 - mapper[002F] <= '0000111'
Info: line 6 - mapper[0030] <= '0000111'
Info: line 6 - mapper[0031] <= '0000111'
Info: line 6 - mapper[0032] <= '0000111'
Info: line 6 - mapper[0033] <= '0000111'
Info: line 6 - mapper[0034] <= '0000111'
Info: line 6 - mapper[0035] <= '0000111'
Info: line 6 - mapper[0036] <= '0000111'
Info: line 6 - mapper[0037] <= '0000111'
Info: line 6 - mapper[0038] <= '0000111'
Info: line 6 - mapper[0039] <= '0000111'
Info: line 6 - mapper[003A] <= '0000111'
Info: line 6 - mapper[003B] <= '0000111'
Info: line 6 - mapper[003C] <= '0000111'
Info: line 6 - mapper[003D] <= '0000111'
Info: line 6 - mapper[003E] <= '0000111'
Info: line 6 - mapper[003F] <= '0000111'
Info: line 6 - mapper[0040] <= '0000111'
Info: line 6 - mapper[0041] <= '0000111'
Info: line 6 - mapper[0042] <= '0000111'
Info: line 6 - mapper[0043] <= '0000111'
Info: line 6 - mapper[0044] <= '0000111'
Info: line 6 - mapper[0045] <= '0000111'
Info: line 6 - mapper[0046] <= '0000111'
Info: line 6 - mapper[0047] <= '0000111'
Info: line 6 - mapper[0048] <= '0000111'
Info: line 6 - mapper[0049] <= '0000111'
Info: line 6 - mapper[004A] <= '0000111'
Info: line 6 - mapper[004B] <= '0000111'
Info: line 6 - mapper[004C] <= '0000111'
Info: line 6 - mapper[004D] <= '0000111'
Info: line 6 - mapper[004E] <= '0000111'
Info: line 6 - mapper[004F] <= '0000111'
Info: line 6 - mapper[0050] <= '0000111'
Info: line 6 - mapper[0051] <= '0000111'
Info: line 6 - mapper[0052] <= '0000111'
Info: line 6 - mapper[0053] <= '0000111'
Info: line 6 - mapper[0054] <= '0000111'
Info: line 6 - mapper[0055] <= '0000111'
Info: line 6 - mapper[0056] <= '0000111'
Info: line 6 - mapper[0057] <= '0000111'
Info: line 6 - mapper[0058] <= '0000111'
Info: line 6 - mapper[0059] <= '0000111'
Info: line 6 - mapper[005A] <= '0000111'
Info: line 6 - mapper[005B] <= '0000111'
Info: line 6 - mapper[005C] <= '0000111'
Info: line 6 - mapper[005D] <= '0000111'
Info: line 6 - mapper[005E] <= '0000111'
Info: line 6 - mapper[005F] <= '0000111'
Info: line 6 - mapper[0060] <= '0000111'
Info: line 6 - mapper[0061] <= '0000111'
Info: line 6 - mapper[0062] <= '0000111'
Info: line 6 - mapper[0063] <= '0000111'
Info: line 6 - mapper[0064] <= '0000111'
Info: line 6 - mapper[0065] <= '0000111'
Info: line 6 - mapper[0066] <= '0000111'
Info: line 6 - mapper[0067] <= '0000111'
Info: line 6 - mapper[0068] <= '0000111'
Info: line 6 - mapper[0069] <= '0000111'
Info: line 6 - mapper[006A] <= '0000111'
Info: line 6 - mapper[006B] <= '0000111'
Info: line 6 - mapper[006C] <= '0000111'
Info: line 6 - mapper[006D] <= '0000111'
Info: line 6 - mapper[006E] <= '0000111'
Info: line 6 - mapper[006F] <= '0000111'
Info: line 6 - mapper[0070] <= '0000111'
Info: line 6 - mapper[0071] <= '0000111'
Info: line 6 - mapper[0072] <= '0000111'
Info: line 6 - mapper[0073] <= '0000111'
Info: line 6 - mapper[0074] <= '0000111'
Info: line 6 - mapper[0075] <= '0000111'
Info: line 6 - mapper[0076] <= '0000111'
Info: line 6 - mapper[0077] <= '0000111'
Info: line 6 - mapper[0078] <= '0000111'
Info: line 6 - mapper[0079] <= '0000111'
Info: line 6 - mapper[007A] <= '0000111'
Info: line 6 - mapper[007B] <= '0000111'
Info: line 6 - mapper[007C] <= '0000111'
Info: line 6 - mapper[007D] <= '0000111'
Info: line 6 - mapper[007E] <= '0000111'
Info: line 6 - mapper[007F] <= '0000111'
Info: line 6 - mapper[0080] <= '0000111'
Info: line 6 - mapper[0081] <= '0000111'
Info: line 6 - mapper[0082] <= '0000111'
Info: line 6 - mapper[0083] <= '0000111'
Info: line 6 - mapper[0084] <= '0000111'
Info: line 6 - mapper[0085] <= '0000111'
Info: line 6 - mapper[0086] <= '0000111'
Info: line 6 - mapper[0087] <= '0000111'
Info: line 6 - mapper[0088] <= '0000111'
Info: line 6 - mapper[0089] <= '0000111'
Info: line 6 - mapper[008A] <= '0000111'
Info: line 6 - mapper[008B] <= '0000111'
Info: line 6 - mapper[008C] <= '0000111'
Info: line 6 - mapper[008D] <= '0000111'
Info: line 6 - mapper[008E] <= '0000111'
Info: line 6 - mapper[008F] <= '0000111'
Info: line 6 - mapper[0090] <= '0000111'
Info: line 6 - mapper[0091] <= '0000111'
Info: line 6 - mapper[0092] <= '0000111'
Info: line 6 - mapper[0093] <= '0000111'
Info: line 6 - mapper[0094] <= '0000111'
Info: line 6 - mapper[0095] <= '0000111'
Info: line 6 - mapper[0096] <= '0000111'
Info: line 6 - mapper[0097] <= '0000111'
Info: line 6 - mapper[0098] <= '0000111'
Info: line 6 - mapper[0099] <= '0000111'
Info: line 6 - mapper[009A] <= '0000111'
Info: line 6 - mapper[009B] <= '0000111'
Info: line 6 - mapper[009C] <= '0000111'
Info: line 6 - mapper[009D] <= '0000111'
Info: line 6 - mapper[009E] <= '0000111'
Info: line 6 - mapper[009F] <= '0000111'
Info: line 6 - mapper[00A0] <= '0000111'
Info: line 6 - mapper[00A1] <= '0000111'
Info: line 6 - mapper[00A2] <= '0000111'
Info: line 6 - mapper[00A3] <= '0000111'
Info: line 6 - mapper[00A4] <= '0000111'
Info: line 6 - mapper[00A5] <= '0000111'
Info: line 6 - mapper[00A6] <= '0000111'
Info: line 6 - mapper[00A7] <= '0000111'
Info: line 6 - mapper[00A8] <= '0000111'
Info: line 6 - mapper[00A9] <= '0000111'
Info: line 6 - mapper[00AA] <= '0000111'
Info: line 6 - mapper[00AB] <= '0000111'
Info: line 6 - mapper[00AC] <= '0000111'
Info: line 6 - mapper[00AD] <= '0000111'
Info: line 6 - mapper[00AE] <= '0000111'
Info: line 6 - mapper[00AF] <= '0000111'
Info: line 6 - mapper[00B0] <= '0000111'
Info: line 6 - mapper[00B1] <= '0000111'
Info: line 6 - mapper[00B2] <= '0000111'
Info: line 6 - mapper[00B3] <= '0000111'
Info: line 6 - mapper[00B4] <= '0000111'
Info: line 6 - mapper[00B5] <= '0000111'
Info: line 6 - mapper[00B6] <= '0000111'
Info: line 6 - mapper[00B7] <= '0000111'
Info: line 6 - mapper[00B8] <= '0000111'
Info: line 6 - mapper[00B9] <= '0000111'
Info: line 6 - mapper[00BA] <= '0000111'
Info: line 6 - mapper[00BB] <= '0000111'
Info: line 6 - mapper[00BC] <= '0000111'
Info: line 6 - mapper[00BD] <= '0000111'
Info: line 6 - mapper[00BE] <= '0000111'
Info: line 6 - mapper[00BF] <= '0000111'
Info: line 6 - mapper[00C0] <= '0000111'
Info: line 6 - mapper[00C1] <= '0000111'
Info: line 6 - mapper[00C2] <= '0000111'
Info: line 6 - mapper[00C3] <= '0000111'
Info: line 6 - mapper[00C4] <= '0000111'
Info: line 6 - mapper[00C5] <= '0000111'
Info: line 6 - mapper[00C6] <= '0000111'
Info: line 6 - mapper[00C7] <= '0000111'
Info: line 6 - mapper[00C8] <= '0000111'
Info: line 6 - mapper[00C9] <= '0000111'
Info: line 6 - mapper[00CA] <= '0000111'
Info: line 6 - mapper[00CB] <= '0000111'
Info: line 6 - mapper[00CC] <= '0000111'
Info: line 6 - mapper[00CD] <= '0000111'
Info: line 6 - mapper[00CE] <= '0000111'
Info: line 6 - mapper[00CF] <= '0000111'
Info: line 6 - mapper[00D0] <= '0000111'
Info: line 6 - mapper[00D1] <= '0000111'
Info: line 6 - mapper[00D2] <= '0000111'
Info: line 6 - mapper[00D3] <= '0000111'
Info: line 6 - mapper[00D4] <= '0000111'
Info: line 6 - mapper[00D5] <= '0000111'
Info: line 6 - mapper[00D6] <= '0000111'
Info: line 6 - mapper[00D7] <= '0000111'
Info: line 6 - mapper[00D8] <= '0000111'
Info: line 6 - mapper[00D9] <= '0000111'
Info: line 6 - mapper[00DA] <= '0000111'
Info: line 6 - mapper[00DB] <= '0000111'
Info: line 6 - mapper[00DC] <= '0000111'
Info: line 6 - mapper[00DD] <= '0000111'
Info: line 6 - mapper[00DE] <= '0000111'
Info: line 6 - mapper[00DF] <= '0000111'
Info: line 6 - mapper[00E0] <= '0000111'
Info: line 6 - mapper[00E1] <= '0000111'
Info: line 6 - mapper[00E2] <= '0000111'
Info: line 6 - mapper[00E3] <= '0000111'
Info: line 6 - mapper[00E4] <= '0000111'
Info: line 6 - mapper[00E5] <= '0000111'
Info: line 6 - mapper[00E6] <= '0000111'
Info: line 6 - mapper[00E7] <= '0000111'
Info: line 6 - mapper[00E8] <= '0000111'
Info: line 6 - mapper[00E9] <= '0000111'
Info: line 6 - mapper[00EA] <= '0000111'
Info: line 6 - mapper[00EB] <= '0000111'
Info: line 6 - mapper[00EC] <= '0000111'
Info: line 6 - mapper[00ED] <= '0000111'
Info: line 6 - mapper[00EE] <= '0000111'
Info: line 6 - mapper[00EF] <= '0000111'
Info: line 6 - mapper[00F0] <= '0000111'
Info: line 6 - mapper[00F1] <= '0000111'
Info: line 6 - mapper[00F2] <= '0000111'
Info: line 6 - mapper[00F3] <= '0000111'
Info: line 6 - mapper[00F4] <= '0000111'
Info: line 6 - mapper[00F5] <= '0000111'
Info: line 6 - mapper[00F6] <= '0000111'
Info: line 6 - mapper[00F7] <= '0000111'
Info: line 6 - mapper[00F8] <= '0000111'
Info: line 6 - mapper[00F9] <= '0000111'
Info: line 6 - mapper[00FA] <= '0000111'
Info: line 6 - mapper[00FB] <= '0000111'
Info: line 6 - mapper[00FC] <= '0000111'
Info: line 6 - mapper[00FD] <= '0000111'
Info: line 6 - mapper[00FE] <= '0000111'
Info: line 6 - mapper[00FF] <= '0000111'
Info: 256 mapper locations from 0 to 255 set to value '0000111'
Info: line 5 - code[0007] <= '1_1_1_1111_0111011_0111011_0000_1_0_1_0_00_01_0'
Info: line 5 - code[0008] <= '1_1_1_1111_0111110_0111110_0101_1_0_1_0_00_00_0'
Info: line 5 - code[0009] <= '1_1_1_1111_0111110_0111110_0110_1_0_1_0_00_00_0'
Info: line 5 - code[000A] <= '1_1_1_1111_0111110_0111110_0110_1_0_1_0_00_00_0'
Info: line 5 - code[000B] <= '1_1_1_1111_0111110_0111110_0010_1_0_1_0_00_00_0'
Info: line 5 - code[000C] <= '1_1_1_1111_0111110_0111110_1111_1_0_1_0_00_00_0'
Info: line 5 - code[000D] <= '1_1_1_1111_0111110_0111110_1110_1_0_1_0_00_00_0'
Info: line 5 - code[000E] <= '1_1_1_1111_0111110_0111110_1101_1_0_1_0_00_00_0'
Info: line 5 - code[000F] <= '1_1_1_1111_0111110_0111110_1100_1_0_1_0_00_00_0'
Info: line 5 - code[0010] <= '1_1_1_1111_0111110_0111110_0010_1_0_1_0_00_00_0'
Info: line 5 - code[0011] <= '1_1_1_1111_0111110_0111110_1001_1_0_1_0_00_00_0'
Info: line 5 - code[0012] <= '1_1_1_1111_0111110_0111110_1000_1_0_1_0_00_00_0'
Info: line 5 - code[0013] <= '1_1_1_1111_0111110_0111110_0010_1_0_1_0_00_00_0'
Info: line 5 - code[0014] <= '1_1_1_1111_0111110_0111110_1011_1_0_1_0_00_00_0'
Info: line 5 - code[0015] <= '1_1_1_1111_0111110_0111110_1010_1_0_1_0_00_00_0'
Info: line 5 - code[0016] <= '1_1_1_1111_0111011_0111011_0000_1_0_1_0_00_00_0'
Info: line 5 - code[0017] <= '1_1_1_1111_0000000_0000100_0000_1_0_1_0_10_10_1'
Warning in line 6: overwriting '0000111' with '0100000' at mapper[0030]
Info: Mapper location 48 set to value '0100000'
Info: line 5 - code[0020] <= '1_1_1_1111_0000000_0101111_0000_1_0_1_0_00_00_0'
Warning in line 6: overwriting '0000111' with '0100001' at mapper[0031]
Info: Mapper location 49 set to value '0100001'
Info: line 5 - code[0021] <= '1_1_1_1111_0000000_0101111_0000_1_0_1_0_00_00_0'
Warning in line 6: overwriting '0000111' with '0100010' at mapper[0032]
Info: Mapper location 50 set to value '0100010'
Info: line 5 - code[0022] <= '1_1_1_1111_0000000_0101111_0000_1_0_1_0_00_00_0'
Warning in line 6: overwriting '0000111' with '0100011' at mapper[0033]
Info: Mapper location 51 set to value '0100011'
Info: line 5 - code[0023] <= '1_1_1_1111_0000000_0101111_0000_1_0_1_0_00_00_0'
Warning in line 6: overwriting '0000111' with '0100100' at mapper[0034]
Info: Mapper location 52 set to value '0100100'
Info: line 5 - code[0024] <= '1_1_1_1111_0000000_0101111_0000_1_0_1_0_00_00_0'
Warning in line 6: overwriting '0000111' with '0100101' at mapper[0035]
Info: Mapper location 53 set to value '0100101'
Info: line 5 - code[0025] <= '1_1_1_1111_0000000_0101111_0000_1_0_1_0_00_00_0'
Warning in line 6: overwriting '0000111' with '0100110' at mapper[0036]
Info: Mapper location 54 set to value '0100110'
Info: line 5 - code[0026] <= '1_1_1_1111_0000000_0101111_0000_1_0_1_0_00_00_0'
Warning in line 6: overwriting '0000111' with '0100111' at mapper[0037]
Info: Mapper location 55 set to value '0100111'
Info: line 5 - code[0027] <= '1_1_1_1111_0000000_0101111_0000_1_0_1_0_00_00_0'
Warning in line 6: overwriting '0000111' with '0101000' at mapper[0038]
Info: Mapper location 56 set to value '0101000'
Info: line 5 - code[0028] <= '1_1_1_1111_0000000_0101111_0000_1_0_1_0_00_00_0'
Warning in line 6: overwriting '0000111' with '0101001' at mapper[0039]
Info: Mapper location 57 set to value '0101001'
Info: line 5 - code[0029] <= '1_1_1_1111_0000000_0101111_0000_1_0_1_0_00_00_0'
Warning in line 6: overwriting '0000111' with '0101010' at mapper[0061]
Info: Mapper location 97 set to value '0101010'
Warning in line 6: overwriting '0000111' with '0101010' at mapper[0041]
Info: Mapper location 65 set to value '0101010'
Info: line 5 - code[002A] <= '1_1_1_1111_0000000_0101111_0000_1_0_1_0_00_00_0'
Warning in line 6: overwriting '0000111' with '0101011' at mapper[0062]
Info: Mapper location 98 set to value '0101011'
Warning in line 6: overwriting '0000111' with '0101011' at mapper[0042]
Info: Mapper location 66 set to value '0101011'
Info: line 5 - code[002B] <= '1_1_1_1111_0000000_0101111_0000_1_0_1_0_00_00_0'
Warning in line 6: overwriting '0000111' with '0101100' at mapper[0063]
Info: Mapper location 99 set to value '0101100'
Warning in line 6: overwriting '0000111' with '0101100' at mapper[0043]
Info: Mapper location 67 set to value '0101100'
Info: line 5 - code[002C] <= '1_1_1_1111_0000000_0101111_0000_1_0_1_0_00_00_0'
Warning in line 6: overwriting '0000111' with '0101101' at mapper[0064]
Info: Mapper location 100 set to value '0101101'
Warning in line 6: overwriting '0000111' with '0101101' at mapper[0044]
Info: Mapper location 68 set to value '0101101'
Info: line 5 - code[002D] <= '1_1_1_1111_0000000_0101111_0000_1_0_1_0_00_00_0'
Warning in line 6: overwriting '0000111' with '0101110' at mapper[0065]
Info: Mapper location 101 set to value '0101110'
Warning in line 6: overwriting '0000111' with '0101110' at mapper[0045]
Info: Mapper location 69 set to value '0101110'
Info: line 5 - code[002E] <= '1_1_1_1111_0000000_0101111_0000_1_0_1_0_00_00_0'
Warning in line 6: overwriting '0000111' with '0101111' at mapper[0066]
Info: Mapper location 102 set to value '0101111'
Warning in line 6: overwriting '0000111' with '0101111' at mapper[0046]
Info: Mapper location 70 set to value '0101111'
Info: line 5 - code[002F] <= '1_1_1_1111_1000001_1000001_0000_1_0_1_0_00_00_0'
Info: line 5 - code[0030] <= '1_1_1_1111_0000000_0010111_0000_1_0_1_0_00_00_0'
Warning in line 6: overwriting '0000111' with '0110001' at mapper[0009]
Info: Mapper location 9 set to value '0110001'
Info: line 5 - code[0031] <= '1_1_1_1111_1000001_1000001_0000_1_0_1_0_00_00_0'
Info: line 5 - code[0032] <= '1_1_1_1111_0000000_0010111_0000_1_0_1_0_00_00_0'
Warning in line 6: overwriting '0000111' with '0110011' at mapper[000A]
Info: Mapper location 10 set to value '0110011'
Info: line 5 - code[0033] <= '1_1_1_1111_1000001_1000001_0000_1_0_1_0_00_00_0'
Info: line 5 - code[0034] <= '1_1_1_1111_0000000_0010111_0000_1_1_1_0_00_00_0'
Warning in line 6: overwriting '0000111' with '0110101' at mapper[000D]
Info: Mapper location 13 set to value '0110101'
Info: line 5 - code[0035] <= '1_1_1_1111_1000001_1000001_0000_1_0_1_0_00_00_0'
Info: line 5 - code[0036] <= '1_1_1_1111_0000000_0010111_0000_1_0_0_0_00_00_0'
Warning in line 6: overwriting '0000111' with '0110111' at mapper[0020]
Info: Mapper location 32 set to value '0110111'
Info: line 5 - code[0037] <= '1_1_1_1111_1000001_1000001_0000_1_0_1_0_00_00_0'
Info: line 5 - code[0038] <= '1_1_1_1111_0000000_0010111_0000_1_0_1_0_00_00_0'
Warning in line 6: overwriting '0000111' with '0111001' at mapper[003A]
Info: Mapper location 58 set to value '0111001'
Info: line 5 - code[0039] <= '1_1_1_1111_1000001_1000001_0000_1_0_1_0_00_00_0'
Info: line 5 - code[003A] <= '1_1_1_1111_0000000_0010111_0000_1_0_1_0_00_00_0'
Info: line 5 - code[003B] <= '1_1_1_1111_0111110_0111110_0011_1_0_1_0_00_00_0'
Info: line 5 - code[003C] <= '1_1_1_1111_0111110_0111110_0100_1_0_1_0_00_00_0'
Info: line 5 - code[003D] <= '1_1_1_0000_0000010_0000010_0000_1_0_1_0_00_00_0'
Info: line 5 - code[003E] <= '1_1_1_0101_0000000_0000000_0000_1_0_1_0_00_00_0'
Info: line 5 - code[003F] <= '1_1_1_0000_0000000_0000000_0000_1_0_1_0_00_00_0'
Info: line 5 - code[0040] <= '1_1_1_0100_0000010_0000001_0000_1_0_1_0_00_00_0'
Info: line 5 - code[0041] <= '0_1_1_0000_0000000_0000000_0000_1_0_1_0_00_00_0'
Info: line 5 - code[0042] <= '0_1_1_0010_0000001_0000000_0000_1_0_1_0_00_00_0'
Info: line 5 - code[0043] <= '0_0_1_0000_0000000_0000000_0000_1_0_1_0_00_00_0'
Info: line 5 - code[0044] <= '0_0_1_0001_0000010_0000001_0000_1_0_1_0_00_00_0'
Generating code: 
Warning in line 5: found 67 uninitialized locations:
0018 .. 001F
0045 .. 007F

Writing 'C:\Users\zoltanp\Documents\HexCalc\Hex_IO\Hex_IO\Hex2Mem\hex2mem_code.mif' ... Done.
Writing 'C:\Users\zoltanp\Documents\HexCalc\Hex_IO\Hex_IO\Hex2Mem\hex2mem_code.cgf' ... Done.
Writing 'C:\Users\zoltanp\Documents\HexCalc\Hex_IO\Hex_IO\Hex2Mem\hex2mem_code.coe' (LF only) ... Done (initialized locations: 61, empty locations: 67, total locations: 128).
Generating code 'C:\Users\zoltanp\Documents\HexCalc\Hex_IO\Hex_IO\Hex2Mem\hex2mem_code.vhd' ... Done.
Writing 'C:\Users\zoltanp\Documents\HexCalc\Hex_IO\Hex_IO\Hex2Mem\hex2mem_code.hex' ... Done.
Writing 'C:\Users\zoltanp\Documents\HexCalc\Hex_IO\Hex_IO\Hex2Mem\hex2mem_code_lendian.bin' ... Done.
Writing 'C:\Users\zoltanp\Documents\HexCalc\Hex_IO\Hex_IO\Hex2Mem\hex2mem_code_bendian.bin' ... Done.
Generating mapping: 
Writing 'C:\Users\zoltanp\Documents\HexCalc\Hex_IO\Hex_IO\Hex2Mem\hex2mem_map.mif' ... Done.
Writing 'C:\Users\zoltanp\Documents\HexCalc\Hex_IO\Hex_IO\Hex2Mem\hex2mem_map.cgf' ... Done.
Writing 'C:\Users\zoltanp\Documents\HexCalc\Hex_IO\Hex_IO\Hex2Mem\hex2mem_map.coe' (LF only) ... Done (initialized locations: 256, empty locations: 0, total locations: 256).
Generating mapper 'C:\Users\zoltanp\Documents\HexCalc\Hex_IO\He